<?xml version="1.0" encoding="UTF-8"?>
<!-- Generated by org.testng.reporters.JUnitReportReporter -->
<testsuite skipped="0" hostname="NWCFOOD-GP" name="com.grid.gridTest2" tests="1" failures="0" timestamp="11 Dec 2018 17:36:32 GMT" time="78.075" errors="0">
  <testcase name="login" time="78.075" classname="com.grid.gridTest2"/>
</testsuite> <!-- com.grid.gridTest2 -->
