<?xml version="1.0" encoding="UTF-8"?>
<!-- Generated by org.testng.reporters.JUnitReportReporter -->
<testsuite skipped="0" hostname="NWCFOOD-GP" name="com.zoho.zohoTest" tests="1" failures="0" timestamp="11 Dec 2018 21:53:40 GMT" time="44.228" errors="0">
  <testcase name="printExcel" time="44.228" classname="com.zoho.zohoTest"/>
</testsuite> <!-- com.zoho.zohoTest -->
