<?xml version="1.0" encoding="UTF-8"?>
<!-- Generated by org.testng.reporters.JUnitReportReporter -->
<testsuite skipped="0" hostname="NWCFOOD-GP" name="com.google.googleSearchTest" tests="1" failures="0" timestamp="11 Dec 2018 00:36:39 GMT" time="15.419" errors="0">
  <testcase name="searchResults" time="15.419" classname="com.google.googleSearchTest"/>
</testsuite> <!-- com.google.googleSearchTest -->
